<?xml version="1.0" encoding="UTF-8"?>
<!-- Generated by org.testng.reporters.JUnitReportReporter -->
<testsuite hostname="SanuVerma123" failures="0" tests="4" name="testCases.TC_01_Shopping" time="49.874" errors="0" timestamp="2024-08-24T23:56:47 IST" skipped="0">
  <testcase classname="testCases.TC_01_Shopping" name="verify_Shopping" time="16.032"/>
  <testcase classname="testCases.TC_01_Shopping" name="verify_Filter" time="6.793"/>
  <testcase classname="testCases.TC_01_Shopping" name="verify_Add" time="10.755"/>
  <testcase classname="testCases.TC_01_Shopping" name="verify_Personal_Information" time="16.294"/>
</testsuite> <!-- testCases.TC_01_Shopping -->
